<?xml version="1.0" encoding="UTF-8"?>
<!-- Generated by org.testng.reporters.JUnitReportReporter -->
<testsuite hostname="LAPTOP-7KH0P1KU" failures="0" tests="1" name="veer.selenium.selenium.BaseT" time="12.741" errors="0" timestamp="2025-07-20T15:29:25 IST" skipped="0">
  <testcase classname="veer.selenium.selenium.BaseT" name="Billpayee" time="12.741"/>
</testsuite> <!-- veer.selenium.selenium.BaseT -->
