<?xml version="1.0" encoding="UTF-8"?>
<!-- Generated by org.testng.reporters.JUnitReportReporter -->
<<<<<<< HEAD
<testsuite hostname="LAPTOP-7KH0P1KU" failures="0" tests="4" name="veer.selenium.selenium.BaseT" time="30.262" errors="0" timestamp="2025-02-08T02:24:02 IST" skipped="0">
  <testcase classname="veer.selenium.selenium.BaseT" name="DLoginPassMask" time="6.985"/>
  <testcase classname="veer.selenium.selenium.BaseT" name="BInCorrPass" time="10.403"/>
  <testcase classname="veer.selenium.selenium.BaseT" name="ARegistrUser" time="8.231"/>
  <testcase classname="veer.selenium.selenium.BaseT" name="CLoginFieldBlank" time="4.643"/>
=======
<testsuite hostname="LAPTOP-7KH0P1KU" failures="0" tests="1" name="veer.selenium.selenium.BaseT" time="12.741" errors="0" timestamp="2025-07-20T15:29:25 IST" skipped="0">
  <testcase classname="veer.selenium.selenium.BaseT" name="Billpayee" time="12.741"/>
>>>>>>> 0bbdd3592a8011b54c47fb1918e2b78d61926ea0
</testsuite> <!-- veer.selenium.selenium.BaseT -->
