<?xml version="1.0" encoding="UTF-8"?>
<!-- Generated by org.testng.reporters.JUnitReportReporter -->
<testsuite hostname="LAPTOP-7KH0P1KU" failures="0" tests="4" name="API_Parabank.chats.DataProviderWithExcelDemo" time="35.261" errors="0" timestamp="2025-02-21T08:03:13 IST" skipped="0">
  <testcase classname="API_Parabank.chats.DataProviderWithExcelDemo" name="search" time="9.600"/>
  <system-out/>
  <testcase classname="API_Parabank.chats.DataProviderWithExcelDemo" name="search" time="11.450"/>
  <system-out/>
  <testcase classname="API_Parabank.chats.DataProviderWithExcelDemo" name="search" time="8.103"/>
  <system-out/>
  <testcase classname="API_Parabank.chats.DataProviderWithExcelDemo" name="search" time="6.108"/>
  <system-out/>
</testsuite> <!-- API_Parabank.chats.DataProviderWithExcelDemo -->
